<?xml version="1.0" encoding="UTF-8"?>
<!-- Generated by org.testng.reporters.JUnitXMLReporter -->
<testsuite ignored="0" hostname="DESKTOP-5BKKI8L" failures="0" tests="4" name="Default test" time="0.087" errors="0" timestamp="2024-04-02T00:15:57 PDT">
  <testcase classname="com.allianz.test.LoginUITest" name="CountTest" time="0.011"/>
  <testcase classname="com.allianz.test.LoginUITest" name="CountTest" time="0.005"/>
  <testcase classname="com.allianz.test.LoginUITest" name="titleTest" time="0.003"/>
  <testcase classname="com.allianz.test.LoginUITest" name="applicationDescriptionTest" time="0.002"/>
</testsuite> <!-- Default test -->
