<?xml version="1.0" encoding="UTF-8"?>
<!-- Generated by org.testng.reporters.JUnitXMLReporter -->
<testsuite ignored="2" hostname="DESKTOP-5BKKI8L" failures="0" tests="2" name="Default test" time="0.071" errors="0" timestamp="2024-04-02T00:37:22 PDT">
  <testcase classname="com.allianz.test.LoginUITest" name="CountTest" time="0.01"/>
  <testcase classname="com.allianz.test.LoginUITest" name="CountTest" time="0.004"/>
  <testcase classname="com.allianz.test.LoginUITest" name="applicationDescriptionTest" time="0.0">
    <ignored/>
  </testcase> <!-- applicationDescriptionTest -->
  <testcase classname="com.allianz.test.LoginUITest" name="titleTest" time="0.0">
    <ignored/>
  </testcase> <!-- titleTest -->
</testsuite> <!-- Default test -->
