<?xml version="1.0" encoding="UTF-8"?>
<testng-results ignored="0" total="2" passed="2" failed="0" skipped="0">
  <reporter-output>
  </reporter-output>
  <suite started-at="2024-04-02T00:37:22 PDT" name="Default suite" finished-at="2024-04-02T00:37:22 PDT" duration-ms="71">
    <groups>
    </groups>
    <test started-at="2024-04-02T00:37:22 PDT" name="Default test" finished-at="2024-04-02T00:37:22 PDT" duration-ms="71">
      <class name="com.allianz.test.LoginUITest">
        <test-method signature="CountTest()[pri:0, instance:com.allianz.test.LoginUITest@49049a04]" started-at="2024-04-02T00:37:22 PDT" name="CountTest" finished-at="2024-04-02T00:37:22 PDT" duration-ms="10" status="PASS">
          <reporter-output>
          </reporter-output>
        </test-method> <!-- CountTest -->
        <test-method signature="CountTest()[pri:0, instance:com.allianz.test.LoginUITest@49049a04]" started-at="2024-04-02T00:37:22 PDT" name="CountTest" finished-at="2024-04-02T00:37:22 PDT" duration-ms="4" status="PASS">
          <reporter-output>
          </reporter-output>
        </test-method> <!-- CountTest -->
      </class> <!-- com.allianz.test.LoginUITest -->
    </test> <!-- Default test -->
  </suite> <!-- Default suite -->
</testng-results>
