<?xml version="1.0" encoding="UTF-8"?>
<testng-results ignored="0" total="4" passed="4" failed="0" skipped="0">
  <reporter-output>
  </reporter-output>
  <suite started-at="2024-04-02T00:15:57 PDT" name="Default suite" finished-at="2024-04-02T00:15:57 PDT" duration-ms="87">
    <groups>
    </groups>
    <test started-at="2024-04-02T00:15:57 PDT" name="Default test" finished-at="2024-04-02T00:15:57 PDT" duration-ms="87">
      <class name="com.allianz.test.LoginUITest">
        <test-method signature="CountTest()[pri:0, instance:com.allianz.test.LoginUITest@12aba8be]" started-at="2024-04-02T00:15:57 PDT" name="CountTest" finished-at="2024-04-02T00:15:57 PDT" duration-ms="11" status="PASS">
          <reporter-output>
          </reporter-output>
        </test-method> <!-- CountTest -->
        <test-method signature="CountTest()[pri:0, instance:com.allianz.test.LoginUITest@12aba8be]" started-at="2024-04-02T00:15:57 PDT" name="CountTest" finished-at="2024-04-02T00:15:57 PDT" duration-ms="5" status="PASS">
          <reporter-output>
          </reporter-output>
        </test-method> <!-- CountTest -->
        <test-method signature="titleTest()[pri:1, instance:com.allianz.test.LoginUITest@12aba8be]" started-at="2024-04-02T00:15:57 PDT" name="titleTest" finished-at="2024-04-02T00:15:57 PDT" duration-ms="3" status="PASS">
          <reporter-output>
          </reporter-output>
        </test-method> <!-- titleTest -->
        <test-method signature="applicationDescriptionTest()[pri:2, instance:com.allianz.test.LoginUITest@12aba8be]" started-at="2024-04-02T00:15:57 PDT" name="applicationDescriptionTest" finished-at="2024-04-02T00:15:57 PDT" duration-ms="2" status="PASS">
          <reporter-output>
          </reporter-output>
        </test-method> <!-- applicationDescriptionTest -->
      </class> <!-- com.allianz.test.LoginUITest -->
    </test> <!-- Default test -->
  </suite> <!-- Default suite -->
</testng-results>
